<?xml version="1.0" encoding="UTF-8"?>
<!-- Generated by org.testng.reporters.JUnitReportReporter -->
<testsuite skipped="0" hostname="HOME-PC" name="com.Test_NGnew.Parameters_new" tests="4" failures="0" timestamp="2021-08-22T20:15:57 IST" time="0.120" errors="0">
  <testcase name="Password" time="0.016" classname="com.Test_NGnew.Parameters_new"/>
  <system-out/>
  <testcase name="Username" time="0.056" classname="com.Test_NGnew.Parameters_new"/>
  <system-out/>
  <testcase name="Address" time="0.032" classname="com.Test_NGnew.Parameters_new"/>
  <system-out/>
  <testcase name="Mailid" time="0.016" classname="com.Test_NGnew.Parameters_new"/>
  <system-out/>
</testsuite> <!-- com.Test_NGnew.Parameters_new -->
