<?xml version="1.0" encoding="UTF-8"?>
<!-- Generated by org.testng.reporters.JUnitReportReporter -->
<testsuite skipped="0" hostname="HOME-PC" name="com.Test_NGnew.Priority_example" tests="4" failures="0" timestamp="2021-08-22T20:03:23 IST" time="0.066" errors="0">
  <testcase name="distinction" time="0.032" classname="com.Test_NGnew.Priority_example"/>
  <system-out/>
  <testcase name="firstclass" time="0.008" classname="com.Test_NGnew.Priority_example"/>
  <system-out/>
  <testcase name="secondclass" time="0.016" classname="com.Test_NGnew.Priority_example"/>
  <system-out/>
  <testcase name="arrear" time="0.010" classname="com.Test_NGnew.Priority_example"/>
  <system-out/>
</testsuite> <!-- com.Test_NGnew.Priority_example -->
