<?xml version="1.0" encoding="UTF-8"?>
<!-- Generated by org.testng.reporters.JUnitReportReporter -->
<testsuite skipped="0" hostname="HOME-PC" name="com.Test_NGnew.Grouping_exp" tests="2" failures="0" timestamp="2021-08-22T20:13:53 IST" time="0.048" errors="0">
  <testcase name="Samsung" time="0.016" classname="com.Test_NGnew.Grouping_exp"/>
  <system-out/>
  <testcase name="Apple" time="0.032" classname="com.Test_NGnew.Grouping_exp"/>
  <system-out/>
</testsuite> <!-- com.Test_NGnew.Grouping_exp -->
