<?xml version="1.0" encoding="UTF-8"?>
<!-- Generated by org.testng.reporters.JUnitReportReporter -->
<testsuite skipped="0" hostname="HOME-PC" name="com.Test_NGnew.Exception_Testing" tests="1" failures="0" timestamp="2021-08-22T22:26:30 IST" time="0.203" errors="0">
  <testcase name="ExceptionTesting" time="0.203" classname="com.Test_NGnew.Exception_Testing"/>
  <system-out/>
</testsuite> <!-- com.Test_NGnew.Exception_Testing -->
