<?xml version="1.0" encoding="UTF-8"?>
<!-- Generated by org.testng.reporters.JUnitReportReporter -->
<testsuite skipped="0" hostname="HOME-PC" name="com.Test_NGnew.testNGtest" tests="1" failures="0" timestamp="2021-08-22T20:03:23 IST" time="0.048" errors="0">
  <testcase name="test" time="0.048" classname="com.Test_NGnew.testNGtest"/>
  <system-out/>
</testsuite> <!-- com.Test_NGnew.testNGtest -->
