<?xml version="1.0" encoding="UTF-8"?>
<!-- Generated by org.testng.reporters.JUnitReportReporter -->
<testsuite skipped="0" hostname="HOME-PC" name="com.Test_NGnew.Suite_Example" tests="3" failures="0" timestamp="2021-08-22T19:29:38 IST" time="19.110" errors="0">
  <testcase name="instagram" time="4.823" classname="com.Test_NGnew.Suite_Example"/>
  <system-out/>
  <testcase name="google" time="3.009" classname="com.Test_NGnew.Suite_Example"/>
  <system-out/>
  <testcase name="youtube" time="11.278" classname="com.Test_NGnew.Suite_Example"/>
  <system-out/>
</testsuite> <!-- com.Test_NGnew.Suite_Example -->
