<?xml version="1.0" encoding="UTF-8"?>
<!-- Generated by org.testng.reporters.JUnitReportReporter -->
<testsuite skipped="1" hostname="HOME-PC" name="com.Test_NGnew.Skip_Method" tests="4" failures="0" timestamp="2021-08-22T20:03:23 IST" time="0.056" errors="0">
  <testcase name="distinction" time="0.016" classname="com.Test_NGnew.Skip_Method"/>
  <system-out/>
  <testcase name="secondclass" time="0.024" classname="com.Test_NGnew.Skip_Method"/>
  <system-out/>
  <testcase name="arrear" time="0.016" classname="com.Test_NGnew.Skip_Method"/>
  <system-out/>
  <testcase name="firstclass" classname="com.Test_NGnew.Skip_Method">
    <skipped/>
  </testcase> <!-- firstclass -->
  <system-out/>
</testsuite> <!-- com.Test_NGnew.Skip_Method -->
