<?xml version="1.0" encoding="UTF-8"?>
<!-- Generated by org.testng.reporters.JUnitReportReporter -->
<testsuite skipped="0" hostname="HOME-PC" name="com.Test_NGnew.Dependency_Example" tests="4" failures="0" timestamp="2021-08-22T20:03:23 IST" time="0.120" errors="0">
  <testcase name="highschool" time="0.008" classname="com.Test_NGnew.Dependency_Example"/>
  <system-out/>
  <testcase name="secondary" time="0.072" classname="com.Test_NGnew.Dependency_Example"/>
  <system-out/>
  <testcase name="primary" time="0.016" classname="com.Test_NGnew.Dependency_Example"/>
  <system-out/>
  <testcase name="Engineering" time="0.024" classname="com.Test_NGnew.Dependency_Example"/>
  <system-out/>
</testsuite> <!-- com.Test_NGnew.Dependency_Example -->
