<?xml version="1.0" encoding="UTF-8"?>
<!-- Generated by org.testng.reporters.JUnitReportReporter -->
<testsuite skipped="0" hostname="HOME-PC" name="com.Test_NGnew.Multiple_times" tests="10" failures="0" timestamp="2021-08-22T21:38:52 IST" time="0.140" errors="0">
  <testcase name="Login" time="0.037" classname="com.Test_NGnew.Multiple_times"/>
  <system-out/>
  <testcase name="Login" time="0.003" classname="com.Test_NGnew.Multiple_times"/>
  <system-out/>
  <testcase name="Login" time="0.010" classname="com.Test_NGnew.Multiple_times"/>
  <system-out/>
  <testcase name="Login" time="0.007" classname="com.Test_NGnew.Multiple_times"/>
  <system-out/>
  <testcase name="Login" time="0.020" classname="com.Test_NGnew.Multiple_times"/>
  <system-out/>
  <testcase name="Login" time="0.005" classname="com.Test_NGnew.Multiple_times"/>
  <system-out/>
  <testcase name="Login" time="0.005" classname="com.Test_NGnew.Multiple_times"/>
  <system-out/>
  <testcase name="Login" time="0.010" classname="com.Test_NGnew.Multiple_times"/>
  <system-out/>
  <testcase name="Login" time="0.043" classname="com.Test_NGnew.Multiple_times"/>
  <system-out/>
  <testcase name="Login" time="0.000" classname="com.Test_NGnew.Multiple_times"/>
  <system-out/>
</testsuite> <!-- com.Test_NGnew.Multiple_times -->
